The system is: Linux - 2.6.32-642.13.1.el6.x86_64 - x86_64
Compiling the C compiler identification source file "CMakeCCompilerId.c" succeeded.
Compiler: /cvmfs/atlas.cern.ch/repo/ATLASLocalRootBase/x86_64/Gcc/gcc493_x86_64_slc6/slc6/gcc49/bin/gcc 
Build flags: 
Id flags: 

The output was:
0


Compilation of the C compiler identification source "CMakeCCompilerId.c" produced "a.out"

The C compiler identification is GNU, found in "/afs/desy.de/user/y/yanwing/ILCSOFT/v01-17-10/Eutelescope/v1.0/build/CMakeFiles/3.3.2/CompilerIdC/a.out"

Compiling the CXX compiler identification source file "CMakeCXXCompilerId.cpp" succeeded.
Compiler: /cvmfs/atlas.cern.ch/repo/ATLASLocalRootBase/x86_64/Gcc/gcc493_x86_64_slc6/slc6/gcc49/bin/g++ 
Build flags: 
Id flags: 

The output was:
0


Compilation of the CXX compiler identification source "CMakeCXXCompilerId.cpp" produced "a.out"

The CXX compiler identification is GNU, found in "/afs/desy.de/user/y/yanwing/ILCSOFT/v01-17-10/Eutelescope/v1.0/build/CMakeFiles/3.3.2/CompilerIdCXX/a.out"

Determining if the C compiler works passed with the following output:
Change Dir: /afs/desy.de/user/y/yanwing/ILCSOFT/v01-17-10/Eutelescope/v1.0/build/CMakeFiles/CMakeTmp

Run Build Command:"/usr/bin/gmake" "cmTC_eebc0/fast"
/usr/bin/gmake -f CMakeFiles/cmTC_eebc0.dir/build.make CMakeFiles/cmTC_eebc0.dir/build
gmake[1]: Entering directory `/afs/desy.de/user/y/yanwing/ILCSOFT/v01-17-10/Eutelescope/v1.0/build/CMakeFiles/CMakeTmp'
Building C object CMakeFiles/cmTC_eebc0.dir/testCCompiler.c.o
/cvmfs/atlas.cern.ch/repo/ATLASLocalRootBase/x86_64/Gcc/gcc493_x86_64_slc6/slc6/gcc49/bin/gcc    -o CMakeFiles/cmTC_eebc0.dir/testCCompiler.c.o   -c /afs/desy.de/user/y/yanwing/ILCSOFT/v01-17-10/Eutelescope/v1.0/build/CMakeFiles/CMakeTmp/testCCompiler.c
Linking C executable cmTC_eebc0
/cvmfs/atlas.cern.ch/repo/ATLASLocalRootBase/x86_64/Cmake/3.3.2/Linux-x86_64/bin/cmake -E cmake_link_script CMakeFiles/cmTC_eebc0.dir/link.txt --verbose=1
/cvmfs/atlas.cern.ch/repo/ATLASLocalRootBase/x86_64/Gcc/gcc493_x86_64_slc6/slc6/gcc49/bin/gcc       CMakeFiles/cmTC_eebc0.dir/testCCompiler.c.o  -o cmTC_eebc0 -rdynamic 
gmake[1]: Leaving directory `/afs/desy.de/user/y/yanwing/ILCSOFT/v01-17-10/Eutelescope/v1.0/build/CMakeFiles/CMakeTmp'


Detecting C compiler ABI info compiled with the following output:
Change Dir: /afs/desy.de/user/y/yanwing/ILCSOFT/v01-17-10/Eutelescope/v1.0/build/CMakeFiles/CMakeTmp

Run Build Command:"/usr/bin/gmake" "cmTC_99fd0/fast"
/usr/bin/gmake -f CMakeFiles/cmTC_99fd0.dir/build.make CMakeFiles/cmTC_99fd0.dir/build
gmake[1]: Entering directory `/afs/desy.de/user/y/yanwing/ILCSOFT/v01-17-10/Eutelescope/v1.0/build/CMakeFiles/CMakeTmp'
Building C object CMakeFiles/cmTC_99fd0.dir/CMakeCCompilerABI.c.o
/cvmfs/atlas.cern.ch/repo/ATLASLocalRootBase/x86_64/Gcc/gcc493_x86_64_slc6/slc6/gcc49/bin/gcc    -o CMakeFiles/cmTC_99fd0.dir/CMakeCCompilerABI.c.o   -c /cvmfs/atlas.cern.ch/repo/ATLASLocalRootBase/x86_64/Cmake/3.3.2/Linux-x86_64/share/cmake-3.3/Modules/CMakeCCompilerABI.c
Linking C executable cmTC_99fd0
/cvmfs/atlas.cern.ch/repo/ATLASLocalRootBase/x86_64/Cmake/3.3.2/Linux-x86_64/bin/cmake -E cmake_link_script CMakeFiles/cmTC_99fd0.dir/link.txt --verbose=1
/cvmfs/atlas.cern.ch/repo/ATLASLocalRootBase/x86_64/Gcc/gcc493_x86_64_slc6/slc6/gcc49/bin/gcc      -v CMakeFiles/cmTC_99fd0.dir/CMakeCCompilerABI.c.o  -o cmTC_99fd0 -rdynamic  
Using built-in specs.
COLLECT_GCC=/cvmfs/atlas.cern.ch/repo/ATLASLocalRootBase/x86_64/Gcc/gcc493_x86_64_slc6/slc6/gcc49/bin/gcc
COLLECT_LTO_WRAPPER=/cvmfs/atlas.cern.ch/repo/ATLASLocalRootBase/x86_64/Gcc/gcc493_x86_64_slc6/slc6/x86_64-slc6-gcc49-opt/bin/../libexec/gcc/x86_64-unknown-linux-gnu/4.9.3/lto-wrapper
Target: x86_64-unknown-linux-gnu
Configured with: ../gcc-4.9.3/configure --prefix=/build/pmendez-sftnight/install-493/ --with-system-zlib --disable-multilib --enable-languages=all
Thread model: posix
gcc version 4.9.3 (GCC) 
COMPILER_PATH=/cvmfs/atlas.cern.ch/repo/ATLASLocalRootBase/x86_64/Gcc/gcc493_x86_64_slc6/slc6/x86_64-slc6-gcc49-opt/bin/../libexec/gcc/x86_64-unknown-linux-gnu/4.9.3/:/cvmfs/atlas.cern.ch/repo/ATLASLocalRootBase/x86_64/Gcc/gcc493_x86_64_slc6/slc6/x86_64-slc6-gcc49-opt/bin/../libexec/gcc/
LIBRARY_PATH=/cvmfs/atlas.cern.ch/repo/ATLASLocalRootBase/x86_64/Gcc/gcc493_x86_64_slc6/slc6/x86_64-slc6-gcc49-opt/bin/../lib/gcc/x86_64-unknown-linux-gnu/4.9.3/:/cvmfs/atlas.cern.ch/repo/ATLASLocalRootBase/x86_64/Gcc/gcc493_x86_64_slc6/slc6/x86_64-slc6-gcc49-opt/bin/../lib/gcc/:/cvmfs/atlas.cern.ch/repo/ATLASLocalRootBase/x86_64/Gcc/gcc493_x86_64_slc6/slc6/x86_64-slc6-gcc49-opt/bin/../lib/gcc/x86_64-unknown-linux-gnu/4.9.3/../../../../lib64/:/lib/../lib64/:/usr/lib/../lib64/:/cvmfs/atlas.cern.ch/repo/ATLASLocalRootBase/x86_64/Gcc/gcc493_x86_64_slc6/slc6/x86_64-slc6-gcc49-opt/bin/../lib/gcc/x86_64-unknown-linux-gnu/4.9.3/../../../:/lib/:/usr/lib/
COLLECT_GCC_OPTIONS='-v' '-o' 'cmTC_99fd0' '-rdynamic' '-mtune=generic' '-march=x86-64'
 /cvmfs/atlas.cern.ch/repo/ATLASLocalRootBase/x86_64/Gcc/gcc493_x86_64_slc6/slc6/x86_64-slc6-gcc49-opt/bin/../libexec/gcc/x86_64-unknown-linux-gnu/4.9.3/collect2 --eh-frame-hdr -m elf_x86_64 -export-dynamic -dynamic-linker /lib64/ld-linux-x86-64.so.2 -o cmTC_99fd0 /usr/lib/../lib64/crt1.o /usr/lib/../lib64/crti.o /cvmfs/atlas.cern.ch/repo/ATLASLocalRootBase/x86_64/Gcc/gcc493_x86_64_slc6/slc6/x86_64-slc6-gcc49-opt/bin/../lib/gcc/x86_64-unknown-linux-gnu/4.9.3/crtbegin.o -L/cvmfs/atlas.cern.ch/repo/ATLASLocalRootBase/x86_64/Gcc/gcc493_x86_64_slc6/slc6/x86_64-slc6-gcc49-opt/bin/../lib/gcc/x86_64-unknown-linux-gnu/4.9.3 -L/cvmfs/atlas.cern.ch/repo/ATLASLocalRootBase/x86_64/Gcc/gcc493_x86_64_slc6/slc6/x86_64-slc6-gcc49-opt/bin/../lib/gcc -L/cvmfs/atlas.cern.ch/repo/ATLASLocalRootBase/x86_64/Gcc/gcc493_x86_64_slc6/slc6/x86_64-slc6-gcc49-opt/bin/../lib/gcc/x86_64-unknown-linux-gnu/4.9.3/../../../../lib64 -L/lib/../lib64 -L/usr/lib/../lib64 -L/cvmfs/atlas.cern.ch/repo/ATLASLocalRootBase/x86_64/Gcc/gcc493_x86_64_slc6/slc6/x86_64-slc6-gcc49-opt/bin/../lib/gcc/x86_64-unknown-linux-gnu/4.9.3/../../.. CMakeFiles/cmTC_99fd0.dir/CMakeCCompilerABI.c.o -lgcc --as-needed -lgcc_s --no-as-needed -lc -lgcc --as-needed -lgcc_s --no-as-needed /cvmfs/atlas.cern.ch/repo/ATLASLocalRootBase/x86_64/Gcc/gcc493_x86_64_slc6/slc6/x86_64-slc6-gcc49-opt/bin/../lib/gcc/x86_64-unknown-linux-gnu/4.9.3/crtend.o /usr/lib/../lib64/crtn.o
gmake[1]: Leaving directory `/afs/desy.de/user/y/yanwing/ILCSOFT/v01-17-10/Eutelescope/v1.0/build/CMakeFiles/CMakeTmp'


Parsed C implicit link information from above output:
  link line regex: [^( *|.*[/\])(ld|([^/\]+-)?ld|collect2)[^/\]*( |$)]
  ignore line: [Change Dir: /afs/desy.de/user/y/yanwing/ILCSOFT/v01-17-10/Eutelescope/v1.0/build/CMakeFiles/CMakeTmp]
  ignore line: []
  ignore line: [Run Build Command:"/usr/bin/gmake" "cmTC_99fd0/fast"]
  ignore line: [/usr/bin/gmake -f CMakeFiles/cmTC_99fd0.dir/build.make CMakeFiles/cmTC_99fd0.dir/build]
  ignore line: [gmake[1]: Entering directory `/afs/desy.de/user/y/yanwing/ILCSOFT/v01-17-10/Eutelescope/v1.0/build/CMakeFiles/CMakeTmp']
  ignore line: [Building C object CMakeFiles/cmTC_99fd0.dir/CMakeCCompilerABI.c.o]
  ignore line: [/cvmfs/atlas.cern.ch/repo/ATLASLocalRootBase/x86_64/Gcc/gcc493_x86_64_slc6/slc6/gcc49/bin/gcc    -o CMakeFiles/cmTC_99fd0.dir/CMakeCCompilerABI.c.o   -c /cvmfs/atlas.cern.ch/repo/ATLASLocalRootBase/x86_64/Cmake/3.3.2/Linux-x86_64/share/cmake-3.3/Modules/CMakeCCompilerABI.c]
  ignore line: [Linking C executable cmTC_99fd0]
  ignore line: [/cvmfs/atlas.cern.ch/repo/ATLASLocalRootBase/x86_64/Cmake/3.3.2/Linux-x86_64/bin/cmake -E cmake_link_script CMakeFiles/cmTC_99fd0.dir/link.txt --verbose=1]
  ignore line: [/cvmfs/atlas.cern.ch/repo/ATLASLocalRootBase/x86_64/Gcc/gcc493_x86_64_slc6/slc6/gcc49/bin/gcc      -v CMakeFiles/cmTC_99fd0.dir/CMakeCCompilerABI.c.o  -o cmTC_99fd0 -rdynamic  ]
  ignore line: [Using built-in specs.]
  ignore line: [COLLECT_GCC=/cvmfs/atlas.cern.ch/repo/ATLASLocalRootBase/x86_64/Gcc/gcc493_x86_64_slc6/slc6/gcc49/bin/gcc]
  ignore line: [COLLECT_LTO_WRAPPER=/cvmfs/atlas.cern.ch/repo/ATLASLocalRootBase/x86_64/Gcc/gcc493_x86_64_slc6/slc6/x86_64-slc6-gcc49-opt/bin/../libexec/gcc/x86_64-unknown-linux-gnu/4.9.3/lto-wrapper]
  ignore line: [Target: x86_64-unknown-linux-gnu]
  ignore line: [Configured with: ../gcc-4.9.3/configure --prefix=/build/pmendez-sftnight/install-493/ --with-system-zlib --disable-multilib --enable-languages=all]
  ignore line: [Thread model: posix]
  ignore line: [gcc version 4.9.3 (GCC) ]
  ignore line: [COMPILER_PATH=/cvmfs/atlas.cern.ch/repo/ATLASLocalRootBase/x86_64/Gcc/gcc493_x86_64_slc6/slc6/x86_64-slc6-gcc49-opt/bin/../libexec/gcc/x86_64-unknown-linux-gnu/4.9.3/:/cvmfs/atlas.cern.ch/repo/ATLASLocalRootBase/x86_64/Gcc/gcc493_x86_64_slc6/slc6/x86_64-slc6-gcc49-opt/bin/../libexec/gcc/]
  ignore line: [LIBRARY_PATH=/cvmfs/atlas.cern.ch/repo/ATLASLocalRootBase/x86_64/Gcc/gcc493_x86_64_slc6/slc6/x86_64-slc6-gcc49-opt/bin/../lib/gcc/x86_64-unknown-linux-gnu/4.9.3/:/cvmfs/atlas.cern.ch/repo/ATLASLocalRootBase/x86_64/Gcc/gcc493_x86_64_slc6/slc6/x86_64-slc6-gcc49-opt/bin/../lib/gcc/:/cvmfs/atlas.cern.ch/repo/ATLASLocalRootBase/x86_64/Gcc/gcc493_x86_64_slc6/slc6/x86_64-slc6-gcc49-opt/bin/../lib/gcc/x86_64-unknown-linux-gnu/4.9.3/../../../../lib64/:/lib/../lib64/:/usr/lib/../lib64/:/cvmfs/atlas.cern.ch/repo/ATLASLocalRootBase/x86_64/Gcc/gcc493_x86_64_slc6/slc6/x86_64-slc6-gcc49-opt/bin/../lib/gcc/x86_64-unknown-linux-gnu/4.9.3/../../../:/lib/:/usr/lib/]
  ignore line: [COLLECT_GCC_OPTIONS='-v' '-o' 'cmTC_99fd0' '-rdynamic' '-mtune=generic' '-march=x86-64']
  link line: [ /cvmfs/atlas.cern.ch/repo/ATLASLocalRootBase/x86_64/Gcc/gcc493_x86_64_slc6/slc6/x86_64-slc6-gcc49-opt/bin/../libexec/gcc/x86_64-unknown-linux-gnu/4.9.3/collect2 --eh-frame-hdr -m elf_x86_64 -export-dynamic -dynamic-linker /lib64/ld-linux-x86-64.so.2 -o cmTC_99fd0 /usr/lib/../lib64/crt1.o /usr/lib/../lib64/crti.o /cvmfs/atlas.cern.ch/repo/ATLASLocalRootBase/x86_64/Gcc/gcc493_x86_64_slc6/slc6/x86_64-slc6-gcc49-opt/bin/../lib/gcc/x86_64-unknown-linux-gnu/4.9.3/crtbegin.o -L/cvmfs/atlas.cern.ch/repo/ATLASLocalRootBase/x86_64/Gcc/gcc493_x86_64_slc6/slc6/x86_64-slc6-gcc49-opt/bin/../lib/gcc/x86_64-unknown-linux-gnu/4.9.3 -L/cvmfs/atlas.cern.ch/repo/ATLASLocalRootBase/x86_64/Gcc/gcc493_x86_64_slc6/slc6/x86_64-slc6-gcc49-opt/bin/../lib/gcc -L/cvmfs/atlas.cern.ch/repo/ATLASLocalRootBase/x86_64/Gcc/gcc493_x86_64_slc6/slc6/x86_64-slc6-gcc49-opt/bin/../lib/gcc/x86_64-unknown-linux-gnu/4.9.3/../../../../lib64 -L/lib/../lib64 -L/usr/lib/../lib64 -L/cvmfs/atlas.cern.ch/repo/ATLASLocalRootBase/x86_64/Gcc/gcc493_x86_64_slc6/slc6/x86_64-slc6-gcc49-opt/bin/../lib/gcc/x86_64-unknown-linux-gnu/4.9.3/../../.. CMakeFiles/cmTC_99fd0.dir/CMakeCCompilerABI.c.o -lgcc --as-needed -lgcc_s --no-as-needed -lc -lgcc --as-needed -lgcc_s --no-as-needed /cvmfs/atlas.cern.ch/repo/ATLASLocalRootBase/x86_64/Gcc/gcc493_x86_64_slc6/slc6/x86_64-slc6-gcc49-opt/bin/../lib/gcc/x86_64-unknown-linux-gnu/4.9.3/crtend.o /usr/lib/../lib64/crtn.o]
    arg [/cvmfs/atlas.cern.ch/repo/ATLASLocalRootBase/x86_64/Gcc/gcc493_x86_64_slc6/slc6/x86_64-slc6-gcc49-opt/bin/../libexec/gcc/x86_64-unknown-linux-gnu/4.9.3/collect2] ==> ignore
    arg [--eh-frame-hdr] ==> ignore
    arg [-m] ==> ignore
    arg [elf_x86_64] ==> ignore
    arg [-export-dynamic] ==> ignore
    arg [-dynamic-linker] ==> ignore
    arg [/lib64/ld-linux-x86-64.so.2] ==> ignore
    arg [-o] ==> ignore
    arg [cmTC_99fd0] ==> ignore
    arg [/usr/lib/../lib64/crt1.o] ==> ignore
    arg [/usr/lib/../lib64/crti.o] ==> ignore
    arg [/cvmfs/atlas.cern.ch/repo/ATLASLocalRootBase/x86_64/Gcc/gcc493_x86_64_slc6/slc6/x86_64-slc6-gcc49-opt/bin/../lib/gcc/x86_64-unknown-linux-gnu/4.9.3/crtbegin.o] ==> ignore
    arg [-L/cvmfs/atlas.cern.ch/repo/ATLASLocalRootBase/x86_64/Gcc/gcc493_x86_64_slc6/slc6/x86_64-slc6-gcc49-opt/bin/../lib/gcc/x86_64-unknown-linux-gnu/4.9.3] ==> dir [/cvmfs/atlas.cern.ch/repo/ATLASLocalRootBase/x86_64/Gcc/gcc493_x86_64_slc6/slc6/x86_64-slc6-gcc49-opt/bin/../lib/gcc/x86_64-unknown-linux-gnu/4.9.3]
    arg [-L/cvmfs/atlas.cern.ch/repo/ATLASLocalRootBase/x86_64/Gcc/gcc493_x86_64_slc6/slc6/x86_64-slc6-gcc49-opt/bin/../lib/gcc] ==> dir [/cvmfs/atlas.cern.ch/repo/ATLASLocalRootBase/x86_64/Gcc/gcc493_x86_64_slc6/slc6/x86_64-slc6-gcc49-opt/bin/../lib/gcc]
    arg [-L/cvmfs/atlas.cern.ch/repo/ATLASLocalRootBase/x86_64/Gcc/gcc493_x86_64_slc6/slc6/x86_64-slc6-gcc49-opt/bin/../lib/gcc/x86_64-unknown-linux-gnu/4.9.3/../../../../lib64] ==> dir [/cvmfs/atlas.cern.ch/repo/ATLASLocalRootBase/x86_64/Gcc/gcc493_x86_64_slc6/slc6/x86_64-slc6-gcc49-opt/bin/../lib/gcc/x86_64-unknown-linux-gnu/4.9.3/../../../../lib64]
    arg [-L/lib/../lib64] ==> dir [/lib/../lib64]
    arg [-L/usr/lib/../lib64] ==> dir [/usr/lib/../lib64]
    arg [-L/cvmfs/atlas.cern.ch/repo/ATLASLocalRootBase/x86_64/Gcc/gcc493_x86_64_slc6/slc6/x86_64-slc6-gcc49-opt/bin/../lib/gcc/x86_64-unknown-linux-gnu/4.9.3/../../..] ==> dir [/cvmfs/atlas.cern.ch/repo/ATLASLocalRootBase/x86_64/Gcc/gcc493_x86_64_slc6/slc6/x86_64-slc6-gcc49-opt/bin/../lib/gcc/x86_64-unknown-linux-gnu/4.9.3/../../..]
    arg [CMakeFiles/cmTC_99fd0.dir/CMakeCCompilerABI.c.o] ==> ignore
    arg [-lgcc] ==> lib [gcc]
    arg [--as-needed] ==> ignore
    arg [-lgcc_s] ==> lib [gcc_s]
    arg [--no-as-needed] ==> ignore
    arg [-lc] ==> lib [c]
    arg [-lgcc] ==> lib [gcc]
    arg [--as-needed] ==> ignore
    arg [-lgcc_s] ==> lib [gcc_s]
    arg [--no-as-needed] ==> ignore
    arg [/cvmfs/atlas.cern.ch/repo/ATLASLocalRootBase/x86_64/Gcc/gcc493_x86_64_slc6/slc6/x86_64-slc6-gcc49-opt/bin/../lib/gcc/x86_64-unknown-linux-gnu/4.9.3/crtend.o] ==> ignore
    arg [/usr/lib/../lib64/crtn.o] ==> ignore
  remove lib [gcc]
  remove lib [gcc_s]
  remove lib [gcc]
  remove lib [gcc_s]
  collapse library dir [/cvmfs/atlas.cern.ch/repo/ATLASLocalRootBase/x86_64/Gcc/gcc493_x86_64_slc6/slc6/x86_64-slc6-gcc49-opt/bin/../lib/gcc/x86_64-unknown-linux-gnu/4.9.3] ==> [/cvmfs/atlas.cern.ch/repo/ATLASLocalRootBase/x86_64/Gcc/gcc493_x86_64_slc6/slc6/x86_64-slc6-gcc49-opt/lib/gcc/x86_64-unknown-linux-gnu/4.9.3]
  collapse library dir [/cvmfs/atlas.cern.ch/repo/ATLASLocalRootBase/x86_64/Gcc/gcc493_x86_64_slc6/slc6/x86_64-slc6-gcc49-opt/bin/../lib/gcc] ==> [/cvmfs/atlas.cern.ch/repo/ATLASLocalRootBase/x86_64/Gcc/gcc493_x86_64_slc6/slc6/x86_64-slc6-gcc49-opt/lib/gcc]
  collapse library dir [/cvmfs/atlas.cern.ch/repo/ATLASLocalRootBase/x86_64/Gcc/gcc493_x86_64_slc6/slc6/x86_64-slc6-gcc49-opt/bin/../lib/gcc/x86_64-unknown-linux-gnu/4.9.3/../../../../lib64] ==> [/cvmfs/atlas.cern.ch/repo/ATLASLocalRootBase/x86_64/Gcc/gcc493_x86_64_slc6/slc6/x86_64-slc6-gcc49-opt/lib64]
  collapse library dir [/lib/../lib64] ==> [/lib64]
  collapse library dir [/usr/lib/../lib64] ==> [/usr/lib64]
  collapse library dir [/cvmfs/atlas.cern.ch/repo/ATLASLocalRootBase/x86_64/Gcc/gcc493_x86_64_slc6/slc6/x86_64-slc6-gcc49-opt/bin/../lib/gcc/x86_64-unknown-linux-gnu/4.9.3/../../..] ==> [/cvmfs/atlas.cern.ch/repo/ATLASLocalRootBase/x86_64/Gcc/gcc493_x86_64_slc6/slc6/x86_64-slc6-gcc49-opt/lib]
  implicit libs: [c]
  implicit dirs: [/cvmfs/atlas.cern.ch/repo/ATLASLocalRootBase/x86_64/Gcc/gcc493_x86_64_slc6/slc6/x86_64-slc6-gcc49-opt/lib/gcc/x86_64-unknown-linux-gnu/4.9.3;/cvmfs/atlas.cern.ch/repo/ATLASLocalRootBase/x86_64/Gcc/gcc493_x86_64_slc6/slc6/x86_64-slc6-gcc49-opt/lib/gcc;/cvmfs/atlas.cern.ch/repo/ATLASLocalRootBase/x86_64/Gcc/gcc493_x86_64_slc6/slc6/x86_64-slc6-gcc49-opt/lib64;/lib64;/usr/lib64;/cvmfs/atlas.cern.ch/repo/ATLASLocalRootBase/x86_64/Gcc/gcc493_x86_64_slc6/slc6/x86_64-slc6-gcc49-opt/lib]
  implicit fwks: []




Detecting C [-std=c11] compiler features compiled with the following output:
Change Dir: /afs/desy.de/user/y/yanwing/ILCSOFT/v01-17-10/Eutelescope/v1.0/build/CMakeFiles/CMakeTmp

Run Build Command:"/usr/bin/gmake" "cmTC_76a5f/fast"
/usr/bin/gmake -f CMakeFiles/cmTC_76a5f.dir/build.make CMakeFiles/cmTC_76a5f.dir/build
gmake[1]: Entering directory `/afs/desy.de/user/y/yanwing/ILCSOFT/v01-17-10/Eutelescope/v1.0/build/CMakeFiles/CMakeTmp'
Building C object CMakeFiles/cmTC_76a5f.dir/feature_tests.c.o
/cvmfs/atlas.cern.ch/repo/ATLASLocalRootBase/x86_64/Gcc/gcc493_x86_64_slc6/slc6/gcc49/bin/gcc   -std=c11 -o CMakeFiles/cmTC_76a5f.dir/feature_tests.c.o   -c /afs/desy.de/user/y/yanwing/ILCSOFT/v01-17-10/Eutelescope/v1.0/build/CMakeFiles/feature_tests.c
Linking C executable cmTC_76a5f
/cvmfs/atlas.cern.ch/repo/ATLASLocalRootBase/x86_64/Cmake/3.3.2/Linux-x86_64/bin/cmake -E cmake_link_script CMakeFiles/cmTC_76a5f.dir/link.txt --verbose=1
/cvmfs/atlas.cern.ch/repo/ATLASLocalRootBase/x86_64/Gcc/gcc493_x86_64_slc6/slc6/gcc49/bin/gcc       CMakeFiles/cmTC_76a5f.dir/feature_tests.c.o  -o cmTC_76a5f -rdynamic 
gmake[1]: Leaving directory `/afs/desy.de/user/y/yanwing/ILCSOFT/v01-17-10/Eutelescope/v1.0/build/CMakeFiles/CMakeTmp'


    Feature record: C_FEATURE:1c_function_prototypes
    Feature record: C_FEATURE:1c_restrict
    Feature record: C_FEATURE:1c_static_assert
    Feature record: C_FEATURE:1c_variadic_macros


Detecting C [-std=c99] compiler features compiled with the following output:
Change Dir: /afs/desy.de/user/y/yanwing/ILCSOFT/v01-17-10/Eutelescope/v1.0/build/CMakeFiles/CMakeTmp

Run Build Command:"/usr/bin/gmake" "cmTC_fe007/fast"
/usr/bin/gmake -f CMakeFiles/cmTC_fe007.dir/build.make CMakeFiles/cmTC_fe007.dir/build
gmake[1]: Entering directory `/afs/desy.de/user/y/yanwing/ILCSOFT/v01-17-10/Eutelescope/v1.0/build/CMakeFiles/CMakeTmp'
Building C object CMakeFiles/cmTC_fe007.dir/feature_tests.c.o
/cvmfs/atlas.cern.ch/repo/ATLASLocalRootBase/x86_64/Gcc/gcc493_x86_64_slc6/slc6/gcc49/bin/gcc   -std=c99 -o CMakeFiles/cmTC_fe007.dir/feature_tests.c.o   -c /afs/desy.de/user/y/yanwing/ILCSOFT/v01-17-10/Eutelescope/v1.0/build/CMakeFiles/feature_tests.c
Linking C executable cmTC_fe007
/cvmfs/atlas.cern.ch/repo/ATLASLocalRootBase/x86_64/Cmake/3.3.2/Linux-x86_64/bin/cmake -E cmake_link_script CMakeFiles/cmTC_fe007.dir/link.txt --verbose=1
/cvmfs/atlas.cern.ch/repo/ATLASLocalRootBase/x86_64/Gcc/gcc493_x86_64_slc6/slc6/gcc49/bin/gcc       CMakeFiles/cmTC_fe007.dir/feature_tests.c.o  -o cmTC_fe007 -rdynamic 
gmake[1]: Leaving directory `/afs/desy.de/user/y/yanwing/ILCSOFT/v01-17-10/Eutelescope/v1.0/build/CMakeFiles/CMakeTmp'


    Feature record: C_FEATURE:1c_function_prototypes
    Feature record: C_FEATURE:1c_restrict
    Feature record: C_FEATURE:0c_static_assert
    Feature record: C_FEATURE:1c_variadic_macros


Detecting C [-std=c90] compiler features compiled with the following output:
Change Dir: /afs/desy.de/user/y/yanwing/ILCSOFT/v01-17-10/Eutelescope/v1.0/build/CMakeFiles/CMakeTmp

Run Build Command:"/usr/bin/gmake" "cmTC_c97a0/fast"
/usr/bin/gmake -f CMakeFiles/cmTC_c97a0.dir/build.make CMakeFiles/cmTC_c97a0.dir/build
gmake[1]: Entering directory `/afs/desy.de/user/y/yanwing/ILCSOFT/v01-17-10/Eutelescope/v1.0/build/CMakeFiles/CMakeTmp'
Building C object CMakeFiles/cmTC_c97a0.dir/feature_tests.c.o
/cvmfs/atlas.cern.ch/repo/ATLASLocalRootBase/x86_64/Gcc/gcc493_x86_64_slc6/slc6/gcc49/bin/gcc   -std=c90 -o CMakeFiles/cmTC_c97a0.dir/feature_tests.c.o   -c /afs/desy.de/user/y/yanwing/ILCSOFT/v01-17-10/Eutelescope/v1.0/build/CMakeFiles/feature_tests.c
Linking C executable cmTC_c97a0
/cvmfs/atlas.cern.ch/repo/ATLASLocalRootBase/x86_64/Cmake/3.3.2/Linux-x86_64/bin/cmake -E cmake_link_script CMakeFiles/cmTC_c97a0.dir/link.txt --verbose=1
/cvmfs/atlas.cern.ch/repo/ATLASLocalRootBase/x86_64/Gcc/gcc493_x86_64_slc6/slc6/gcc49/bin/gcc       CMakeFiles/cmTC_c97a0.dir/feature_tests.c.o  -o cmTC_c97a0 -rdynamic 
gmake[1]: Leaving directory `/afs/desy.de/user/y/yanwing/ILCSOFT/v01-17-10/Eutelescope/v1.0/build/CMakeFiles/CMakeTmp'


    Feature record: C_FEATURE:1c_function_prototypes
    Feature record: C_FEATURE:0c_restrict
    Feature record: C_FEATURE:0c_static_assert
    Feature record: C_FEATURE:0c_variadic_macros
Determining if the CXX compiler works passed with the following output:
Change Dir: /afs/desy.de/user/y/yanwing/ILCSOFT/v01-17-10/Eutelescope/v1.0/build/CMakeFiles/CMakeTmp

Run Build Command:"/usr/bin/gmake" "cmTC_f84be/fast"
/usr/bin/gmake -f CMakeFiles/cmTC_f84be.dir/build.make CMakeFiles/cmTC_f84be.dir/build
gmake[1]: Entering directory `/afs/desy.de/user/y/yanwing/ILCSOFT/v01-17-10/Eutelescope/v1.0/build/CMakeFiles/CMakeTmp'
Building CXX object CMakeFiles/cmTC_f84be.dir/testCXXCompiler.cxx.o
/cvmfs/atlas.cern.ch/repo/ATLASLocalRootBase/x86_64/Gcc/gcc493_x86_64_slc6/slc6/gcc49/bin/g++     -o CMakeFiles/cmTC_f84be.dir/testCXXCompiler.cxx.o -c /afs/desy.de/user/y/yanwing/ILCSOFT/v01-17-10/Eutelescope/v1.0/build/CMakeFiles/CMakeTmp/testCXXCompiler.cxx
Linking CXX executable cmTC_f84be
/cvmfs/atlas.cern.ch/repo/ATLASLocalRootBase/x86_64/Cmake/3.3.2/Linux-x86_64/bin/cmake -E cmake_link_script CMakeFiles/cmTC_f84be.dir/link.txt --verbose=1
/cvmfs/atlas.cern.ch/repo/ATLASLocalRootBase/x86_64/Gcc/gcc493_x86_64_slc6/slc6/gcc49/bin/g++        CMakeFiles/cmTC_f84be.dir/testCXXCompiler.cxx.o  -o cmTC_f84be -rdynamic 
gmake[1]: Leaving directory `/afs/desy.de/user/y/yanwing/ILCSOFT/v01-17-10/Eutelescope/v1.0/build/CMakeFiles/CMakeTmp'


Detecting CXX compiler ABI info compiled with the following output:
Change Dir: /afs/desy.de/user/y/yanwing/ILCSOFT/v01-17-10/Eutelescope/v1.0/build/CMakeFiles/CMakeTmp

Run Build Command:"/usr/bin/gmake" "cmTC_3730a/fast"
/usr/bin/gmake -f CMakeFiles/cmTC_3730a.dir/build.make CMakeFiles/cmTC_3730a.dir/build
gmake[1]: Entering directory `/afs/desy.de/user/y/yanwing/ILCSOFT/v01-17-10/Eutelescope/v1.0/build/CMakeFiles/CMakeTmp'
Building CXX object CMakeFiles/cmTC_3730a.dir/CMakeCXXCompilerABI.cpp.o
/cvmfs/atlas.cern.ch/repo/ATLASLocalRootBase/x86_64/Gcc/gcc493_x86_64_slc6/slc6/gcc49/bin/g++     -o CMakeFiles/cmTC_3730a.dir/CMakeCXXCompilerABI.cpp.o -c /cvmfs/atlas.cern.ch/repo/ATLASLocalRootBase/x86_64/Cmake/3.3.2/Linux-x86_64/share/cmake-3.3/Modules/CMakeCXXCompilerABI.cpp
Linking CXX executable cmTC_3730a
/cvmfs/atlas.cern.ch/repo/ATLASLocalRootBase/x86_64/Cmake/3.3.2/Linux-x86_64/bin/cmake -E cmake_link_script CMakeFiles/cmTC_3730a.dir/link.txt --verbose=1
/cvmfs/atlas.cern.ch/repo/ATLASLocalRootBase/x86_64/Gcc/gcc493_x86_64_slc6/slc6/gcc49/bin/g++       -v CMakeFiles/cmTC_3730a.dir/CMakeCXXCompilerABI.cpp.o  -o cmTC_3730a -rdynamic  
Using built-in specs.
COLLECT_GCC=/cvmfs/atlas.cern.ch/repo/ATLASLocalRootBase/x86_64/Gcc/gcc493_x86_64_slc6/slc6/gcc49/bin/g++
COLLECT_LTO_WRAPPER=/cvmfs/atlas.cern.ch/repo/ATLASLocalRootBase/x86_64/Gcc/gcc493_x86_64_slc6/slc6/x86_64-slc6-gcc49-opt/bin/../libexec/gcc/x86_64-unknown-linux-gnu/4.9.3/lto-wrapper
Target: x86_64-unknown-linux-gnu
Configured with: ../gcc-4.9.3/configure --prefix=/build/pmendez-sftnight/install-493/ --with-system-zlib --disable-multilib --enable-languages=all
Thread model: posix
gcc version 4.9.3 (GCC) 
COMPILER_PATH=/cvmfs/atlas.cern.ch/repo/ATLASLocalRootBase/x86_64/Gcc/gcc493_x86_64_slc6/slc6/x86_64-slc6-gcc49-opt/bin/../libexec/gcc/x86_64-unknown-linux-gnu/4.9.3/:/cvmfs/atlas.cern.ch/repo/ATLASLocalRootBase/x86_64/Gcc/gcc493_x86_64_slc6/slc6/x86_64-slc6-gcc49-opt/bin/../libexec/gcc/
LIBRARY_PATH=/cvmfs/atlas.cern.ch/repo/ATLASLocalRootBase/x86_64/Gcc/gcc493_x86_64_slc6/slc6/x86_64-slc6-gcc49-opt/bin/../lib/gcc/x86_64-unknown-linux-gnu/4.9.3/:/cvmfs/atlas.cern.ch/repo/ATLASLocalRootBase/x86_64/Gcc/gcc493_x86_64_slc6/slc6/x86_64-slc6-gcc49-opt/bin/../lib/gcc/:/cvmfs/atlas.cern.ch/repo/ATLASLocalRootBase/x86_64/Gcc/gcc493_x86_64_slc6/slc6/x86_64-slc6-gcc49-opt/bin/../lib/gcc/x86_64-unknown-linux-gnu/4.9.3/../../../../lib64/:/lib/../lib64/:/usr/lib/../lib64/:/cvmfs/atlas.cern.ch/repo/ATLASLocalRootBase/x86_64/Gcc/gcc493_x86_64_slc6/slc6/x86_64-slc6-gcc49-opt/bin/../lib/gcc/x86_64-unknown-linux-gnu/4.9.3/../../../:/lib/:/usr/lib/
COLLECT_GCC_OPTIONS='-v' '-o' 'cmTC_3730a' '-rdynamic' '-shared-libgcc' '-mtune=generic' '-march=x86-64'
 /cvmfs/atlas.cern.ch/repo/ATLASLocalRootBase/x86_64/Gcc/gcc493_x86_64_slc6/slc6/x86_64-slc6-gcc49-opt/bin/../libexec/gcc/x86_64-unknown-linux-gnu/4.9.3/collect2 --eh-frame-hdr -m elf_x86_64 -export-dynamic -dynamic-linker /lib64/ld-linux-x86-64.so.2 -o cmTC_3730a /usr/lib/../lib64/crt1.o /usr/lib/../lib64/crti.o /cvmfs/atlas.cern.ch/repo/ATLASLocalRootBase/x86_64/Gcc/gcc493_x86_64_slc6/slc6/x86_64-slc6-gcc49-opt/bin/../lib/gcc/x86_64-unknown-linux-gnu/4.9.3/crtbegin.o -L/cvmfs/atlas.cern.ch/repo/ATLASLocalRootBase/x86_64/Gcc/gcc493_x86_64_slc6/slc6/x86_64-slc6-gcc49-opt/bin/../lib/gcc/x86_64-unknown-linux-gnu/4.9.3 -L/cvmfs/atlas.cern.ch/repo/ATLASLocalRootBase/x86_64/Gcc/gcc493_x86_64_slc6/slc6/x86_64-slc6-gcc49-opt/bin/../lib/gcc -L/cvmfs/atlas.cern.ch/repo/ATLASLocalRootBase/x86_64/Gcc/gcc493_x86_64_slc6/slc6/x86_64-slc6-gcc49-opt/bin/../lib/gcc/x86_64-unknown-linux-gnu/4.9.3/../../../../lib64 -L/lib/../lib64 -L/usr/lib/../lib64 -L/cvmfs/atlas.cern.ch/repo/ATLASLocalRootBase/x86_64/Gcc/gcc493_x86_64_slc6/slc6/x86_64-slc6-gcc49-opt/bin/../lib/gcc/x86_64-unknown-linux-gnu/4.9.3/../../.. CMakeFiles/cmTC_3730a.dir/CMakeCXXCompilerABI.cpp.o -lstdc++ -lm -lgcc_s -lgcc -lc -lgcc_s -lgcc /cvmfs/atlas.cern.ch/repo/ATLASLocalRootBase/x86_64/Gcc/gcc493_x86_64_slc6/slc6/x86_64-slc6-gcc49-opt/bin/../lib/gcc/x86_64-unknown-linux-gnu/4.9.3/crtend.o /usr/lib/../lib64/crtn.o
gmake[1]: Leaving directory `/afs/desy.de/user/y/yanwing/ILCSOFT/v01-17-10/Eutelescope/v1.0/build/CMakeFiles/CMakeTmp'


Parsed CXX implicit link information from above output:
  link line regex: [^( *|.*[/\])(ld|([^/\]+-)?ld|collect2)[^/\]*( |$)]
  ignore line: [Change Dir: /afs/desy.de/user/y/yanwing/ILCSOFT/v01-17-10/Eutelescope/v1.0/build/CMakeFiles/CMakeTmp]
  ignore line: []
  ignore line: [Run Build Command:"/usr/bin/gmake" "cmTC_3730a/fast"]
  ignore line: [/usr/bin/gmake -f CMakeFiles/cmTC_3730a.dir/build.make CMakeFiles/cmTC_3730a.dir/build]
  ignore line: [gmake[1]: Entering directory `/afs/desy.de/user/y/yanwing/ILCSOFT/v01-17-10/Eutelescope/v1.0/build/CMakeFiles/CMakeTmp']
  ignore line: [Building CXX object CMakeFiles/cmTC_3730a.dir/CMakeCXXCompilerABI.cpp.o]
  ignore line: [/cvmfs/atlas.cern.ch/repo/ATLASLocalRootBase/x86_64/Gcc/gcc493_x86_64_slc6/slc6/gcc49/bin/g++     -o CMakeFiles/cmTC_3730a.dir/CMakeCXXCompilerABI.cpp.o -c /cvmfs/atlas.cern.ch/repo/ATLASLocalRootBase/x86_64/Cmake/3.3.2/Linux-x86_64/share/cmake-3.3/Modules/CMakeCXXCompilerABI.cpp]
  ignore line: [Linking CXX executable cmTC_3730a]
  ignore line: [/cvmfs/atlas.cern.ch/repo/ATLASLocalRootBase/x86_64/Cmake/3.3.2/Linux-x86_64/bin/cmake -E cmake_link_script CMakeFiles/cmTC_3730a.dir/link.txt --verbose=1]
  ignore line: [/cvmfs/atlas.cern.ch/repo/ATLASLocalRootBase/x86_64/Gcc/gcc493_x86_64_slc6/slc6/gcc49/bin/g++       -v CMakeFiles/cmTC_3730a.dir/CMakeCXXCompilerABI.cpp.o  -o cmTC_3730a -rdynamic  ]
  ignore line: [Using built-in specs.]
  ignore line: [COLLECT_GCC=/cvmfs/atlas.cern.ch/repo/ATLASLocalRootBase/x86_64/Gcc/gcc493_x86_64_slc6/slc6/gcc49/bin/g++]
  ignore line: [COLLECT_LTO_WRAPPER=/cvmfs/atlas.cern.ch/repo/ATLASLocalRootBase/x86_64/Gcc/gcc493_x86_64_slc6/slc6/x86_64-slc6-gcc49-opt/bin/../libexec/gcc/x86_64-unknown-linux-gnu/4.9.3/lto-wrapper]
  ignore line: [Target: x86_64-unknown-linux-gnu]
  ignore line: [Configured with: ../gcc-4.9.3/configure --prefix=/build/pmendez-sftnight/install-493/ --with-system-zlib --disable-multilib --enable-languages=all]
  ignore line: [Thread model: posix]
  ignore line: [gcc version 4.9.3 (GCC) ]
  ignore line: [COMPILER_PATH=/cvmfs/atlas.cern.ch/repo/ATLASLocalRootBase/x86_64/Gcc/gcc493_x86_64_slc6/slc6/x86_64-slc6-gcc49-opt/bin/../libexec/gcc/x86_64-unknown-linux-gnu/4.9.3/:/cvmfs/atlas.cern.ch/repo/ATLASLocalRootBase/x86_64/Gcc/gcc493_x86_64_slc6/slc6/x86_64-slc6-gcc49-opt/bin/../libexec/gcc/]
  ignore line: [LIBRARY_PATH=/cvmfs/atlas.cern.ch/repo/ATLASLocalRootBase/x86_64/Gcc/gcc493_x86_64_slc6/slc6/x86_64-slc6-gcc49-opt/bin/../lib/gcc/x86_64-unknown-linux-gnu/4.9.3/:/cvmfs/atlas.cern.ch/repo/ATLASLocalRootBase/x86_64/Gcc/gcc493_x86_64_slc6/slc6/x86_64-slc6-gcc49-opt/bin/../lib/gcc/:/cvmfs/atlas.cern.ch/repo/ATLASLocalRootBase/x86_64/Gcc/gcc493_x86_64_slc6/slc6/x86_64-slc6-gcc49-opt/bin/../lib/gcc/x86_64-unknown-linux-gnu/4.9.3/../../../../lib64/:/lib/../lib64/:/usr/lib/../lib64/:/cvmfs/atlas.cern.ch/repo/ATLASLocalRootBase/x86_64/Gcc/gcc493_x86_64_slc6/slc6/x86_64-slc6-gcc49-opt/bin/../lib/gcc/x86_64-unknown-linux-gnu/4.9.3/../../../:/lib/:/usr/lib/]
  ignore line: [COLLECT_GCC_OPTIONS='-v' '-o' 'cmTC_3730a' '-rdynamic' '-shared-libgcc' '-mtune=generic' '-march=x86-64']
  link line: [ /cvmfs/atlas.cern.ch/repo/ATLASLocalRootBase/x86_64/Gcc/gcc493_x86_64_slc6/slc6/x86_64-slc6-gcc49-opt/bin/../libexec/gcc/x86_64-unknown-linux-gnu/4.9.3/collect2 --eh-frame-hdr -m elf_x86_64 -export-dynamic -dynamic-linker /lib64/ld-linux-x86-64.so.2 -o cmTC_3730a /usr/lib/../lib64/crt1.o /usr/lib/../lib64/crti.o /cvmfs/atlas.cern.ch/repo/ATLASLocalRootBase/x86_64/Gcc/gcc493_x86_64_slc6/slc6/x86_64-slc6-gcc49-opt/bin/../lib/gcc/x86_64-unknown-linux-gnu/4.9.3/crtbegin.o -L/cvmfs/atlas.cern.ch/repo/ATLASLocalRootBase/x86_64/Gcc/gcc493_x86_64_slc6/slc6/x86_64-slc6-gcc49-opt/bin/../lib/gcc/x86_64-unknown-linux-gnu/4.9.3 -L/cvmfs/atlas.cern.ch/repo/ATLASLocalRootBase/x86_64/Gcc/gcc493_x86_64_slc6/slc6/x86_64-slc6-gcc49-opt/bin/../lib/gcc -L/cvmfs/atlas.cern.ch/repo/ATLASLocalRootBase/x86_64/Gcc/gcc493_x86_64_slc6/slc6/x86_64-slc6-gcc49-opt/bin/../lib/gcc/x86_64-unknown-linux-gnu/4.9.3/../../../../lib64 -L/lib/../lib64 -L/usr/lib/../lib64 -L/cvmfs/atlas.cern.ch/repo/ATLASLocalRootBase/x86_64/Gcc/gcc493_x86_64_slc6/slc6/x86_64-slc6-gcc49-opt/bin/../lib/gcc/x86_64-unknown-linux-gnu/4.9.3/../../.. CMakeFiles/cmTC_3730a.dir/CMakeCXXCompilerABI.cpp.o -lstdc++ -lm -lgcc_s -lgcc -lc -lgcc_s -lgcc /cvmfs/atlas.cern.ch/repo/ATLASLocalRootBase/x86_64/Gcc/gcc493_x86_64_slc6/slc6/x86_64-slc6-gcc49-opt/bin/../lib/gcc/x86_64-unknown-linux-gnu/4.9.3/crtend.o /usr/lib/../lib64/crtn.o]
    arg [/cvmfs/atlas.cern.ch/repo/ATLASLocalRootBase/x86_64/Gcc/gcc493_x86_64_slc6/slc6/x86_64-slc6-gcc49-opt/bin/../libexec/gcc/x86_64-unknown-linux-gnu/4.9.3/collect2] ==> ignore
    arg [--eh-frame-hdr] ==> ignore
    arg [-m] ==> ignore
    arg [elf_x86_64] ==> ignore
    arg [-export-dynamic] ==> ignore
    arg [-dynamic-linker] ==> ignore
    arg [/lib64/ld-linux-x86-64.so.2] ==> ignore
    arg [-o] ==> ignore
    arg [cmTC_3730a] ==> ignore
    arg [/usr/lib/../lib64/crt1.o] ==> ignore
    arg [/usr/lib/../lib64/crti.o] ==> ignore
    arg [/cvmfs/atlas.cern.ch/repo/ATLASLocalRootBase/x86_64/Gcc/gcc493_x86_64_slc6/slc6/x86_64-slc6-gcc49-opt/bin/../lib/gcc/x86_64-unknown-linux-gnu/4.9.3/crtbegin.o] ==> ignore
    arg [-L/cvmfs/atlas.cern.ch/repo/ATLASLocalRootBase/x86_64/Gcc/gcc493_x86_64_slc6/slc6/x86_64-slc6-gcc49-opt/bin/../lib/gcc/x86_64-unknown-linux-gnu/4.9.3] ==> dir [/cvmfs/atlas.cern.ch/repo/ATLASLocalRootBase/x86_64/Gcc/gcc493_x86_64_slc6/slc6/x86_64-slc6-gcc49-opt/bin/../lib/gcc/x86_64-unknown-linux-gnu/4.9.3]
    arg [-L/cvmfs/atlas.cern.ch/repo/ATLASLocalRootBase/x86_64/Gcc/gcc493_x86_64_slc6/slc6/x86_64-slc6-gcc49-opt/bin/../lib/gcc] ==> dir [/cvmfs/atlas.cern.ch/repo/ATLASLocalRootBase/x86_64/Gcc/gcc493_x86_64_slc6/slc6/x86_64-slc6-gcc49-opt/bin/../lib/gcc]
    arg [-L/cvmfs/atlas.cern.ch/repo/ATLASLocalRootBase/x86_64/Gcc/gcc493_x86_64_slc6/slc6/x86_64-slc6-gcc49-opt/bin/../lib/gcc/x86_64-unknown-linux-gnu/4.9.3/../../../../lib64] ==> dir [/cvmfs/atlas.cern.ch/repo/ATLASLocalRootBase/x86_64/Gcc/gcc493_x86_64_slc6/slc6/x86_64-slc6-gcc49-opt/bin/../lib/gcc/x86_64-unknown-linux-gnu/4.9.3/../../../../lib64]
    arg [-L/lib/../lib64] ==> dir [/lib/../lib64]
    arg [-L/usr/lib/../lib64] ==> dir [/usr/lib/../lib64]
    arg [-L/cvmfs/atlas.cern.ch/repo/ATLASLocalRootBase/x86_64/Gcc/gcc493_x86_64_slc6/slc6/x86_64-slc6-gcc49-opt/bin/../lib/gcc/x86_64-unknown-linux-gnu/4.9.3/../../..] ==> dir [/cvmfs/atlas.cern.ch/repo/ATLASLocalRootBase/x86_64/Gcc/gcc493_x86_64_slc6/slc6/x86_64-slc6-gcc49-opt/bin/../lib/gcc/x86_64-unknown-linux-gnu/4.9.3/../../..]
    arg [CMakeFiles/cmTC_3730a.dir/CMakeCXXCompilerABI.cpp.o] ==> ignore
    arg [-lstdc++] ==> lib [stdc++]
    arg [-lm] ==> lib [m]
    arg [-lgcc_s] ==> lib [gcc_s]
    arg [-lgcc] ==> lib [gcc]
    arg [-lc] ==> lib [c]
    arg [-lgcc_s] ==> lib [gcc_s]
    arg [-lgcc] ==> lib [gcc]
    arg [/cvmfs/atlas.cern.ch/repo/ATLASLocalRootBase/x86_64/Gcc/gcc493_x86_64_slc6/slc6/x86_64-slc6-gcc49-opt/bin/../lib/gcc/x86_64-unknown-linux-gnu/4.9.3/crtend.o] ==> ignore
    arg [/usr/lib/../lib64/crtn.o] ==> ignore
  remove lib [gcc_s]
  remove lib [gcc]
  remove lib [gcc_s]
  remove lib [gcc]
  collapse library dir [/cvmfs/atlas.cern.ch/repo/ATLASLocalRootBase/x86_64/Gcc/gcc493_x86_64_slc6/slc6/x86_64-slc6-gcc49-opt/bin/../lib/gcc/x86_64-unknown-linux-gnu/4.9.3] ==> [/cvmfs/atlas.cern.ch/repo/ATLASLocalRootBase/x86_64/Gcc/gcc493_x86_64_slc6/slc6/x86_64-slc6-gcc49-opt/lib/gcc/x86_64-unknown-linux-gnu/4.9.3]
  collapse library dir [/cvmfs/atlas.cern.ch/repo/ATLASLocalRootBase/x86_64/Gcc/gcc493_x86_64_slc6/slc6/x86_64-slc6-gcc49-opt/bin/../lib/gcc] ==> [/cvmfs/atlas.cern.ch/repo/ATLASLocalRootBase/x86_64/Gcc/gcc493_x86_64_slc6/slc6/x86_64-slc6-gcc49-opt/lib/gcc]
  collapse library dir [/cvmfs/atlas.cern.ch/repo/ATLASLocalRootBase/x86_64/Gcc/gcc493_x86_64_slc6/slc6/x86_64-slc6-gcc49-opt/bin/../lib/gcc/x86_64-unknown-linux-gnu/4.9.3/../../../../lib64] ==> [/cvmfs/atlas.cern.ch/repo/ATLASLocalRootBase/x86_64/Gcc/gcc493_x86_64_slc6/slc6/x86_64-slc6-gcc49-opt/lib64]
  collapse library dir [/lib/../lib64] ==> [/lib64]
  collapse library dir [/usr/lib/../lib64] ==> [/usr/lib64]
  collapse library dir [/cvmfs/atlas.cern.ch/repo/ATLASLocalRootBase/x86_64/Gcc/gcc493_x86_64_slc6/slc6/x86_64-slc6-gcc49-opt/bin/../lib/gcc/x86_64-unknown-linux-gnu/4.9.3/../../..] ==> [/cvmfs/atlas.cern.ch/repo/ATLASLocalRootBase/x86_64/Gcc/gcc493_x86_64_slc6/slc6/x86_64-slc6-gcc49-opt/lib]
  implicit libs: [stdc++;m;c]
  implicit dirs: [/cvmfs/atlas.cern.ch/repo/ATLASLocalRootBase/x86_64/Gcc/gcc493_x86_64_slc6/slc6/x86_64-slc6-gcc49-opt/lib/gcc/x86_64-unknown-linux-gnu/4.9.3;/cvmfs/atlas.cern.ch/repo/ATLASLocalRootBase/x86_64/Gcc/gcc493_x86_64_slc6/slc6/x86_64-slc6-gcc49-opt/lib/gcc;/cvmfs/atlas.cern.ch/repo/ATLASLocalRootBase/x86_64/Gcc/gcc493_x86_64_slc6/slc6/x86_64-slc6-gcc49-opt/lib64;/lib64;/usr/lib64;/cvmfs/atlas.cern.ch/repo/ATLASLocalRootBase/x86_64/Gcc/gcc493_x86_64_slc6/slc6/x86_64-slc6-gcc49-opt/lib]
  implicit fwks: []




Detecting CXX [-std=c++14] compiler features compiled with the following output:
Change Dir: /afs/desy.de/user/y/yanwing/ILCSOFT/v01-17-10/Eutelescope/v1.0/build/CMakeFiles/CMakeTmp

Run Build Command:"/usr/bin/gmake" "cmTC_55e90/fast"
/usr/bin/gmake -f CMakeFiles/cmTC_55e90.dir/build.make CMakeFiles/cmTC_55e90.dir/build
gmake[1]: Entering directory `/afs/desy.de/user/y/yanwing/ILCSOFT/v01-17-10/Eutelescope/v1.0/build/CMakeFiles/CMakeTmp'
Building CXX object CMakeFiles/cmTC_55e90.dir/feature_tests.cxx.o
/cvmfs/atlas.cern.ch/repo/ATLASLocalRootBase/x86_64/Gcc/gcc493_x86_64_slc6/slc6/gcc49/bin/g++    -std=c++14 -o CMakeFiles/cmTC_55e90.dir/feature_tests.cxx.o -c /afs/desy.de/user/y/yanwing/ILCSOFT/v01-17-10/Eutelescope/v1.0/build/CMakeFiles/feature_tests.cxx
Linking CXX executable cmTC_55e90
/cvmfs/atlas.cern.ch/repo/ATLASLocalRootBase/x86_64/Cmake/3.3.2/Linux-x86_64/bin/cmake -E cmake_link_script CMakeFiles/cmTC_55e90.dir/link.txt --verbose=1
/cvmfs/atlas.cern.ch/repo/ATLASLocalRootBase/x86_64/Gcc/gcc493_x86_64_slc6/slc6/gcc49/bin/g++        CMakeFiles/cmTC_55e90.dir/feature_tests.cxx.o  -o cmTC_55e90 -rdynamic 
gmake[1]: Leaving directory `/afs/desy.de/user/y/yanwing/ILCSOFT/v01-17-10/Eutelescope/v1.0/build/CMakeFiles/CMakeTmp'


    Feature record: CXX_FEATURE:0cxx_aggregate_default_initializers
    Feature record: CXX_FEATURE:1cxx_alias_templates
    Feature record: CXX_FEATURE:1cxx_alignas
    Feature record: CXX_FEATURE:1cxx_alignof
    Feature record: CXX_FEATURE:1cxx_attributes
    Feature record: CXX_FEATURE:1cxx_attribute_deprecated
    Feature record: CXX_FEATURE:1cxx_auto_type
    Feature record: CXX_FEATURE:1cxx_binary_literals
    Feature record: CXX_FEATURE:1cxx_constexpr
    Feature record: CXX_FEATURE:1cxx_contextual_conversions
    Feature record: CXX_FEATURE:1cxx_decltype
    Feature record: CXX_FEATURE:1cxx_decltype_auto
    Feature record: CXX_FEATURE:1cxx_decltype_incomplete_return_types
    Feature record: CXX_FEATURE:1cxx_default_function_template_args
    Feature record: CXX_FEATURE:1cxx_defaulted_functions
    Feature record: CXX_FEATURE:1cxx_defaulted_move_initializers
    Feature record: CXX_FEATURE:1cxx_delegating_constructors
    Feature record: CXX_FEATURE:1cxx_deleted_functions
    Feature record: CXX_FEATURE:1cxx_digit_separators
    Feature record: CXX_FEATURE:1cxx_enum_forward_declarations
    Feature record: CXX_FEATURE:1cxx_explicit_conversions
    Feature record: CXX_FEATURE:1cxx_extended_friend_declarations
    Feature record: CXX_FEATURE:1cxx_extern_templates
    Feature record: CXX_FEATURE:1cxx_final
    Feature record: CXX_FEATURE:1cxx_func_identifier
    Feature record: CXX_FEATURE:1cxx_generalized_initializers
    Feature record: CXX_FEATURE:1cxx_generic_lambdas
    Feature record: CXX_FEATURE:1cxx_inheriting_constructors
    Feature record: CXX_FEATURE:1cxx_inline_namespaces
    Feature record: CXX_FEATURE:1cxx_lambdas
    Feature record: CXX_FEATURE:1cxx_lambda_init_captures
    Feature record: CXX_FEATURE:1cxx_local_type_template_args
    Feature record: CXX_FEATURE:1cxx_long_long_type
    Feature record: CXX_FEATURE:1cxx_noexcept
    Feature record: CXX_FEATURE:1cxx_nonstatic_member_init
    Feature record: CXX_FEATURE:1cxx_nullptr
    Feature record: CXX_FEATURE:1cxx_override
    Feature record: CXX_FEATURE:1cxx_range_for
    Feature record: CXX_FEATURE:1cxx_raw_string_literals
    Feature record: CXX_FEATURE:1cxx_reference_qualified_functions
    Feature record: CXX_FEATURE:0cxx_relaxed_constexpr
    Feature record: CXX_FEATURE:1cxx_return_type_deduction
    Feature record: CXX_FEATURE:1cxx_right_angle_brackets
    Feature record: CXX_FEATURE:1cxx_rvalue_references
    Feature record: CXX_FEATURE:1cxx_sizeof_member
    Feature record: CXX_FEATURE:1cxx_static_assert
    Feature record: CXX_FEATURE:1cxx_strong_enums
    Feature record: CXX_FEATURE:1cxx_template_template_parameters
    Feature record: CXX_FEATURE:1cxx_thread_local
    Feature record: CXX_FEATURE:1cxx_trailing_return_types
    Feature record: CXX_FEATURE:1cxx_unicode_literals
    Feature record: CXX_FEATURE:1cxx_uniform_initialization
    Feature record: CXX_FEATURE:1cxx_unrestricted_unions
    Feature record: CXX_FEATURE:1cxx_user_literals
    Feature record: CXX_FEATURE:0cxx_variable_templates
    Feature record: CXX_FEATURE:1cxx_variadic_macros
    Feature record: CXX_FEATURE:1cxx_variadic_templates


Detecting CXX [-std=c++11] compiler features compiled with the following output:
Change Dir: /afs/desy.de/user/y/yanwing/ILCSOFT/v01-17-10/Eutelescope/v1.0/build/CMakeFiles/CMakeTmp

Run Build Command:"/usr/bin/gmake" "cmTC_6c6de/fast"
/usr/bin/gmake -f CMakeFiles/cmTC_6c6de.dir/build.make CMakeFiles/cmTC_6c6de.dir/build
gmake[1]: Entering directory `/afs/desy.de/user/y/yanwing/ILCSOFT/v01-17-10/Eutelescope/v1.0/build/CMakeFiles/CMakeTmp'
Building CXX object CMakeFiles/cmTC_6c6de.dir/feature_tests.cxx.o
/cvmfs/atlas.cern.ch/repo/ATLASLocalRootBase/x86_64/Gcc/gcc493_x86_64_slc6/slc6/gcc49/bin/g++    -std=c++11 -o CMakeFiles/cmTC_6c6de.dir/feature_tests.cxx.o -c /afs/desy.de/user/y/yanwing/ILCSOFT/v01-17-10/Eutelescope/v1.0/build/CMakeFiles/feature_tests.cxx
Linking CXX executable cmTC_6c6de
/cvmfs/atlas.cern.ch/repo/ATLASLocalRootBase/x86_64/Cmake/3.3.2/Linux-x86_64/bin/cmake -E cmake_link_script CMakeFiles/cmTC_6c6de.dir/link.txt --verbose=1
/cvmfs/atlas.cern.ch/repo/ATLASLocalRootBase/x86_64/Gcc/gcc493_x86_64_slc6/slc6/gcc49/bin/g++        CMakeFiles/cmTC_6c6de.dir/feature_tests.cxx.o  -o cmTC_6c6de -rdynamic 
gmake[1]: Leaving directory `/afs/desy.de/user/y/yanwing/ILCSOFT/v01-17-10/Eutelescope/v1.0/build/CMakeFiles/CMakeTmp'


    Feature record: CXX_FEATURE:0cxx_aggregate_default_initializers
    Feature record: CXX_FEATURE:1cxx_alias_templates
    Feature record: CXX_FEATURE:1cxx_alignas
    Feature record: CXX_FEATURE:1cxx_alignof
    Feature record: CXX_FEATURE:1cxx_attributes
    Feature record: CXX_FEATURE:0cxx_attribute_deprecated
    Feature record: CXX_FEATURE:1cxx_auto_type
    Feature record: CXX_FEATURE:0cxx_binary_literals
    Feature record: CXX_FEATURE:1cxx_constexpr
    Feature record: CXX_FEATURE:0cxx_contextual_conversions
    Feature record: CXX_FEATURE:1cxx_decltype
    Feature record: CXX_FEATURE:0cxx_decltype_auto
    Feature record: CXX_FEATURE:1cxx_decltype_incomplete_return_types
    Feature record: CXX_FEATURE:1cxx_default_function_template_args
    Feature record: CXX_FEATURE:1cxx_defaulted_functions
    Feature record: CXX_FEATURE:1cxx_defaulted_move_initializers
    Feature record: CXX_FEATURE:1cxx_delegating_constructors
    Feature record: CXX_FEATURE:1cxx_deleted_functions
    Feature record: CXX_FEATURE:0cxx_digit_separators
    Feature record: CXX_FEATURE:1cxx_enum_forward_declarations
    Feature record: CXX_FEATURE:1cxx_explicit_conversions
    Feature record: CXX_FEATURE:1cxx_extended_friend_declarations
    Feature record: CXX_FEATURE:1cxx_extern_templates
    Feature record: CXX_FEATURE:1cxx_final
    Feature record: CXX_FEATURE:1cxx_func_identifier
    Feature record: CXX_FEATURE:1cxx_generalized_initializers
    Feature record: CXX_FEATURE:0cxx_generic_lambdas
    Feature record: CXX_FEATURE:1cxx_inheriting_constructors
    Feature record: CXX_FEATURE:1cxx_inline_namespaces
    Feature record: CXX_FEATURE:1cxx_lambdas
    Feature record: CXX_FEATURE:0cxx_lambda_init_captures
    Feature record: CXX_FEATURE:1cxx_local_type_template_args
    Feature record: CXX_FEATURE:1cxx_long_long_type
    Feature record: CXX_FEATURE:1cxx_noexcept
    Feature record: CXX_FEATURE:1cxx_nonstatic_member_init
    Feature record: CXX_FEATURE:1cxx_nullptr
    Feature record: CXX_FEATURE:1cxx_override
    Feature record: CXX_FEATURE:1cxx_range_for
    Feature record: CXX_FEATURE:1cxx_raw_string_literals
    Feature record: CXX_FEATURE:1cxx_reference_qualified_functions
    Feature record: CXX_FEATURE:0cxx_relaxed_constexpr
    Feature record: CXX_FEATURE:0cxx_return_type_deduction
    Feature record: CXX_FEATURE:1cxx_right_angle_brackets
    Feature record: CXX_FEATURE:1cxx_rvalue_references
    Feature record: CXX_FEATURE:1cxx_sizeof_member
    Feature record: CXX_FEATURE:1cxx_static_assert
    Feature record: CXX_FEATURE:1cxx_strong_enums
    Feature record: CXX_FEATURE:1cxx_template_template_parameters
    Feature record: CXX_FEATURE:1cxx_thread_local
    Feature record: CXX_FEATURE:1cxx_trailing_return_types
    Feature record: CXX_FEATURE:1cxx_unicode_literals
    Feature record: CXX_FEATURE:1cxx_uniform_initialization
    Feature record: CXX_FEATURE:1cxx_unrestricted_unions
    Feature record: CXX_FEATURE:1cxx_user_literals
    Feature record: CXX_FEATURE:0cxx_variable_templates
    Feature record: CXX_FEATURE:1cxx_variadic_macros
    Feature record: CXX_FEATURE:1cxx_variadic_templates


Detecting CXX [-std=c++98] compiler features compiled with the following output:
Change Dir: /afs/desy.de/user/y/yanwing/ILCSOFT/v01-17-10/Eutelescope/v1.0/build/CMakeFiles/CMakeTmp

Run Build Command:"/usr/bin/gmake" "cmTC_1b75b/fast"
/usr/bin/gmake -f CMakeFiles/cmTC_1b75b.dir/build.make CMakeFiles/cmTC_1b75b.dir/build
gmake[1]: Entering directory `/afs/desy.de/user/y/yanwing/ILCSOFT/v01-17-10/Eutelescope/v1.0/build/CMakeFiles/CMakeTmp'
Building CXX object CMakeFiles/cmTC_1b75b.dir/feature_tests.cxx.o
/cvmfs/atlas.cern.ch/repo/ATLASLocalRootBase/x86_64/Gcc/gcc493_x86_64_slc6/slc6/gcc49/bin/g++    -std=c++98 -o CMakeFiles/cmTC_1b75b.dir/feature_tests.cxx.o -c /afs/desy.de/user/y/yanwing/ILCSOFT/v01-17-10/Eutelescope/v1.0/build/CMakeFiles/feature_tests.cxx
Linking CXX executable cmTC_1b75b
/cvmfs/atlas.cern.ch/repo/ATLASLocalRootBase/x86_64/Cmake/3.3.2/Linux-x86_64/bin/cmake -E cmake_link_script CMakeFiles/cmTC_1b75b.dir/link.txt --verbose=1
/cvmfs/atlas.cern.ch/repo/ATLASLocalRootBase/x86_64/Gcc/gcc493_x86_64_slc6/slc6/gcc49/bin/g++        CMakeFiles/cmTC_1b75b.dir/feature_tests.cxx.o  -o cmTC_1b75b -rdynamic 
gmake[1]: Leaving directory `/afs/desy.de/user/y/yanwing/ILCSOFT/v01-17-10/Eutelescope/v1.0/build/CMakeFiles/CMakeTmp'


    Feature record: CXX_FEATURE:0cxx_aggregate_default_initializers
    Feature record: CXX_FEATURE:0cxx_alias_templates
    Feature record: CXX_FEATURE:0cxx_alignas
    Feature record: CXX_FEATURE:0cxx_alignof
    Feature record: CXX_FEATURE:0cxx_attributes
    Feature record: CXX_FEATURE:0cxx_attribute_deprecated
    Feature record: CXX_FEATURE:0cxx_auto_type
    Feature record: CXX_FEATURE:0cxx_binary_literals
    Feature record: CXX_FEATURE:0cxx_constexpr
    Feature record: CXX_FEATURE:0cxx_contextual_conversions
    Feature record: CXX_FEATURE:0cxx_decltype
    Feature record: CXX_FEATURE:0cxx_decltype_auto
    Feature record: CXX_FEATURE:0cxx_decltype_incomplete_return_types
    Feature record: CXX_FEATURE:0cxx_default_function_template_args
    Feature record: CXX_FEATURE:0cxx_defaulted_functions
    Feature record: CXX_FEATURE:0cxx_defaulted_move_initializers
    Feature record: CXX_FEATURE:0cxx_delegating_constructors
    Feature record: CXX_FEATURE:0cxx_deleted_functions
    Feature record: CXX_FEATURE:0cxx_digit_separators
    Feature record: CXX_FEATURE:0cxx_enum_forward_declarations
    Feature record: CXX_FEATURE:0cxx_explicit_conversions
    Feature record: CXX_FEATURE:0cxx_extended_friend_declarations
    Feature record: CXX_FEATURE:0cxx_extern_templates
    Feature record: CXX_FEATURE:0cxx_final
    Feature record: CXX_FEATURE:0cxx_func_identifier
    Feature record: CXX_FEATURE:0cxx_generalized_initializers
    Feature record: CXX_FEATURE:0cxx_generic_lambdas
    Feature record: CXX_FEATURE:0cxx_inheriting_constructors
    Feature record: CXX_FEATURE:0cxx_inline_namespaces
    Feature record: CXX_FEATURE:0cxx_lambdas
    Feature record: CXX_FEATURE:0cxx_lambda_init_captures
    Feature record: CXX_FEATURE:0cxx_local_type_template_args
    Feature record: CXX_FEATURE:0cxx_long_long_type
    Feature record: CXX_FEATURE:0cxx_noexcept
    Feature record: CXX_FEATURE:0cxx_nonstatic_member_init
    Feature record: CXX_FEATURE:0cxx_nullptr
    Feature record: CXX_FEATURE:0cxx_override
    Feature record: CXX_FEATURE:0cxx_range_for
    Feature record: CXX_FEATURE:0cxx_raw_string_literals
    Feature record: CXX_FEATURE:0cxx_reference_qualified_functions
    Feature record: CXX_FEATURE:0cxx_relaxed_constexpr
    Feature record: CXX_FEATURE:0cxx_return_type_deduction
    Feature record: CXX_FEATURE:0cxx_right_angle_brackets
    Feature record: CXX_FEATURE:0cxx_rvalue_references
    Feature record: CXX_FEATURE:0cxx_sizeof_member
    Feature record: CXX_FEATURE:0cxx_static_assert
    Feature record: CXX_FEATURE:0cxx_strong_enums
    Feature record: CXX_FEATURE:1cxx_template_template_parameters
    Feature record: CXX_FEATURE:0cxx_thread_local
    Feature record: CXX_FEATURE:0cxx_trailing_return_types
    Feature record: CXX_FEATURE:0cxx_unicode_literals
    Feature record: CXX_FEATURE:0cxx_uniform_initialization
    Feature record: CXX_FEATURE:0cxx_unrestricted_unions
    Feature record: CXX_FEATURE:0cxx_user_literals
    Feature record: CXX_FEATURE:0cxx_variable_templates
    Feature record: CXX_FEATURE:0cxx_variadic_macros
    Feature record: CXX_FEATURE:0cxx_variadic_templates
